2025-05-05 15:30:40,226 - INFO - 開始讀取CSV檔案: D:\bigdata\hw\news_analysis_hw\news_analysis_hw\toolbox\..\app_user_keyword\dataset\sentiment_20250428.csv
2025-05-05 15:30:40,250 - INFO - CSV檔案總行數: 97
2025-05-05 15:30:40,349 - INFO - 建立新的 NewsData 物件，item_id: org_unknown_1
2025-05-05 15:30:40,439 - INFO - 建立新的 NewsData 物件，item_id: org_unknown_2
2025-05-05 15:30:40,502 - INFO - 建立新的 NewsData 物件，item_id: org_unknown_3
2025-05-05 15:30:40,561 - INFO - 建立新的 NewsData 物件，item_id: org_unknown_4
2025-05-05 15:30:40,617 - INFO - 建立新的 NewsData 物件，item_id: org_unknown_5
2025-05-05 15:30:40,673 - INFO - 建立新的 NewsData 物件，item_id: org_unknown_6
2025-05-05 15:30:40,730 - INFO - 建立新的 NewsData 物件，item_id: org_unknown_7
2025-05-05 15:30:40,795 - INFO - 建立新的 NewsData 物件，item_id: org_unknown_8
2025-05-05 15:30:40,883 - INFO - 建立新的 NewsData 物件，item_id: org_unknown_9
2025-05-05 15:30:40,982 - INFO - 建立新的 NewsData 物件，item_id: eco_unknown_10
2025-05-05 15:30:41,050 - INFO - 建立新的 NewsData 物件，item_id: eco_unknown_11
2025-05-05 15:30:41,105 - INFO - 建立新的 NewsData 物件，item_id: eco_unknown_12
2025-05-05 15:30:41,163 - INFO - 建立新的 NewsData 物件，item_id: eco_unknown_13
2025-05-05 15:30:41,217 - INFO - 建立新的 NewsData 物件，item_id: eco_unknown_14
2025-05-05 15:30:41,277 - INFO - 建立新的 NewsData 物件，item_id: eco_unknown_15
2025-05-05 15:30:41,339 - INFO - 建立新的 NewsData 物件，item_id: eco_unknown_16
2025-05-05 15:30:41,439 - INFO - 建立新的 NewsData 物件，item_id: eco_unknown_17
2025-05-05 15:30:41,539 - INFO - 建立新的 NewsData 物件，item_id: eco_unknown_18
2025-05-05 15:30:41,627 - INFO - 建立新的 NewsData 物件，item_id: glo_unknown_19
2025-05-05 15:30:41,795 - INFO - 建立新的 NewsData 物件，item_id: glo_unknown_20
2025-05-05 15:30:41,862 - INFO - 建立新的 NewsData 物件，item_id: glo_unknown_21
2025-05-05 15:30:41,910 - INFO - 建立新的 NewsData 物件，item_id: glo_unknown_22
2025-05-05 15:30:41,972 - INFO - 建立新的 NewsData 物件，item_id: glo_unknown_23
2025-05-05 15:30:42,035 - INFO - 建立新的 NewsData 物件，item_id: glo_unknown_24
2025-05-05 15:30:42,105 - INFO - 建立新的 NewsData 物件，item_id: glo_unknown_25
2025-05-05 15:30:42,171 - INFO - 建立新的 NewsData 物件，item_id: glo_unknown_26
2025-05-05 15:30:42,238 - INFO - 建立新的 NewsData 物件，item_id: glo_unknown_27
2025-05-05 15:30:42,306 - INFO - 更新現有的 NewsData 物件，item_id: org_unknown_1
2025-05-05 15:30:42,460 - INFO - 更新現有的 NewsData 物件，item_id: org_unknown_2
2025-05-05 15:30:42,511 - INFO - 更新現有的 NewsData 物件，item_id: org_unknown_3
2025-05-05 15:30:42,584 - INFO - 更新現有的 NewsData 物件，item_id: org_unknown_4
2025-05-05 15:30:42,648 - INFO - 更新現有的 NewsData 物件，item_id: org_unknown_5
2025-05-05 15:30:42,705 - INFO - 更新現有的 NewsData 物件，item_id: org_unknown_6
2025-05-05 15:30:42,761 - INFO - 更新現有的 NewsData 物件，item_id: org_unknown_7
2025-05-05 15:30:42,817 - INFO - 更新現有的 NewsData 物件，item_id: org_unknown_8
2025-05-05 15:30:42,885 - INFO - 更新現有的 NewsData 物件，item_id: org_unknown_9
2025-05-05 15:30:42,983 - INFO - 更新現有的 NewsData 物件，item_id: eco_unknown_10
2025-05-05 15:30:43,084 - INFO - 更新現有的 NewsData 物件，item_id: eco_unknown_11
2025-05-05 15:30:43,261 - INFO - 更新現有的 NewsData 物件，item_id: eco_unknown_12
2025-05-05 15:30:43,325 - INFO - 更新現有的 NewsData 物件，item_id: eco_unknown_13
2025-05-05 15:30:43,382 - INFO - 更新現有的 NewsData 物件，item_id: eco_unknown_14
2025-05-05 15:30:43,439 - INFO - 更新現有的 NewsData 物件，item_id: eco_unknown_15
2025-05-05 15:30:43,494 - INFO - 更新現有的 NewsData 物件，item_id: eco_unknown_16
2025-05-05 15:30:43,544 - INFO - 更新現有的 NewsData 物件，item_id: eco_unknown_17
2025-05-05 15:30:43,616 - INFO - 更新現有的 NewsData 物件，item_id: eco_unknown_18
2025-05-05 15:30:43,739 - INFO - 更新現有的 NewsData 物件，item_id: glo_unknown_19
2025-05-05 15:30:43,827 - INFO - 更新現有的 NewsData 物件，item_id: glo_unknown_20
2025-05-05 15:30:43,906 - INFO - 更新現有的 NewsData 物件，item_id: glo_unknown_21
2025-05-05 15:30:43,971 - INFO - 更新現有的 NewsData 物件，item_id: glo_unknown_22
2025-05-05 15:30:44,031 - INFO - 更新現有的 NewsData 物件，item_id: glo_unknown_23
2025-05-05 15:30:44,095 - INFO - 更新現有的 NewsData 物件，item_id: glo_unknown_24
2025-05-05 15:30:44,157 - INFO - 更新現有的 NewsData 物件，item_id: glo_unknown_25
2025-05-05 15:30:44,238 - INFO - 更新現有的 NewsData 物件，item_id: glo_unknown_26
2025-05-05 15:30:44,340 - INFO - 更新現有的 NewsData 物件，item_id: glo_unknown_27
2025-05-05 15:30:44,427 - INFO - 建立新的 NewsData 物件，item_id: org_20250425_1
2025-05-05 15:30:44,483 - INFO - 建立新的 NewsData 物件，item_id: org_20250425_2
2025-05-05 15:30:44,539 - INFO - 建立新的 NewsData 物件，item_id: org_20250425_3
2025-05-05 15:30:44,586 - INFO - 建立新的 NewsData 物件，item_id: org_20250425_4
2025-05-05 15:30:44,640 - INFO - 建立新的 NewsData 物件，item_id: org_20250425_5
2025-05-05 15:30:44,702 - INFO - 建立新的 NewsData 物件，item_id: org_20250424_6
2025-05-05 15:30:44,762 - INFO - 建立新的 NewsData 物件，item_id: org_20250424_7
2025-05-05 15:30:44,840 - INFO - 建立新的 NewsData 物件，item_id: org_20250424_8
2025-05-05 15:30:44,917 - INFO - 建立新的 NewsData 物件，item_id: org_20250424_9
2025-05-05 15:30:45,084 - INFO - 建立新的 NewsData 物件，item_id: eco_20250425_10
2025-05-05 15:30:45,150 - INFO - 建立新的 NewsData 物件，item_id: eco_20250424_11
2025-05-05 15:30:45,251 - INFO - 建立新的 NewsData 物件，item_id: eco_20250424_12
2025-05-05 15:30:45,316 - INFO - 建立新的 NewsData 物件，item_id: eco_20250423_13
2025-05-05 15:30:45,372 - INFO - 建立新的 NewsData 物件，item_id: eco_20250423_14
2025-05-05 15:30:45,430 - INFO - 建立新的 NewsData 物件，item_id: eco_20250420_15
2025-05-05 15:30:45,484 - INFO - 建立新的 NewsData 物件，item_id: eco_20250420_16
2025-05-05 15:30:45,561 - INFO - 建立新的 NewsData 物件，item_id: eco_20250417_17
2025-05-05 15:30:45,649 - INFO - 建立新的 NewsData 物件，item_id: eco_20250416_18
2025-05-05 15:30:45,751 - INFO - 建立新的 NewsData 物件，item_id: glo_20250425_19
2025-05-05 15:30:45,827 - INFO - 建立新的 NewsData 物件，item_id: glo_20250425_20
2025-05-05 15:30:45,883 - INFO - 建立新的 NewsData 物件，item_id: glo_20250425_21
2025-05-05 15:30:45,939 - INFO - 建立新的 NewsData 物件，item_id: glo_20250425_22
2025-05-05 15:30:45,997 - INFO - 建立新的 NewsData 物件，item_id: glo_20250425_23
2025-05-05 15:30:46,050 - INFO - 建立新的 NewsData 物件，item_id: glo_20250425_24
2025-05-05 15:30:46,099 - INFO - 建立新的 NewsData 物件，item_id: glo_20250425_25
2025-05-05 15:30:46,195 - INFO - 建立新的 NewsData 物件，item_id: glo_20250425_26
2025-05-05 15:30:46,295 - INFO - 建立新的 NewsData 物件，item_id: glo_20250425_27
2025-05-05 15:30:46,383 - INFO - 建立新的 NewsData 物件，item_id: org_20250428_1
2025-05-05 15:30:46,450 - INFO - 建立新的 NewsData 物件，item_id: org_20250427_2
2025-05-05 15:30:46,504 - INFO - 建立新的 NewsData 物件，item_id: org_20250427_3
2025-05-05 15:30:46,553 - INFO - 建立新的 NewsData 物件，item_id: org_20250427_4
2025-05-05 15:30:46,605 - INFO - 建立新的 NewsData 物件，item_id: org_20250426_5
2025-05-05 15:30:46,656 - INFO - 建立新的 NewsData 物件，item_id: org_20250426_6
2025-05-05 15:30:46,728 - INFO - 建立新的 NewsData 物件，item_id: org_20250425_7
2025-05-05 15:30:46,828 - INFO - 建立新的 NewsData 物件，item_id: glo_20250428_19
2025-05-05 15:30:46,905 - INFO - 建立新的 NewsData 物件，item_id: glo_20250428_20
2025-05-05 15:30:47,061 - INFO - 建立新的 NewsData 物件，item_id: glo_20250427_21
2025-05-05 15:30:47,116 - INFO - 建立新的 NewsData 物件，item_id: glo_20250427_22
2025-05-05 15:30:47,194 - INFO - 建立新的 NewsData 物件，item_id: glo_20250427_23
2025-05-05 15:30:47,283 - INFO - 建立新的 NewsData 物件，item_id: glo_20250427_24
2025-05-05 15:30:47,383 - INFO - 建立新的 NewsData 物件，item_id: glo_20250427_25
2025-05-05 15:30:47,447 - INFO - 建立新的 NewsData 物件，item_id: glo_20250426_26
2025-05-05 15:30:47,506 - INFO - 建立新的 NewsData 物件，item_id: glo_20250426_27
2025-05-05 15:30:47,506 - INFO - 匯入完成，成功: 97，失敗: 0
2025-05-05 15:33:09,124 - INFO - 開始讀取CSV檔案: D:\bigdata\hw\news_analysis_hw\news_analysis_hw\toolbox\..\app_user_keyword\dataset\sentiment_20250428_reindexed.csv
2025-05-05 15:33:09,154 - INFO - CSV檔案總行數: 97
2025-05-05 15:33:09,284 - INFO - 建立新的 NewsData 物件，item_id: 政治_20250505_1
2025-05-05 15:33:09,372 - INFO - 建立新的 NewsData 物件，item_id: 政治_20250505_2
2025-05-05 15:33:09,450 - INFO - 建立新的 NewsData 物件，item_id: 政治_20250505_3
2025-05-05 15:33:09,515 - INFO - 建立新的 NewsData 物件，item_id: 政治_20250505_4
2025-05-05 15:33:09,563 - INFO - 建立新的 NewsData 物件，item_id: 政治_20250505_5
2025-05-05 15:33:09,628 - INFO - 建立新的 NewsData 物件，item_id: 政治_20250505_6
2025-05-05 15:33:09,690 - INFO - 建立新的 NewsData 物件，item_id: 政治_20250505_7
2025-05-05 15:33:09,761 - INFO - 建立新的 NewsData 物件，item_id: 政治_20250505_8
2025-05-05 15:33:09,826 - INFO - 建立新的 NewsData 物件，item_id: 政治_20250505_9
2025-05-05 15:33:09,916 - INFO - 建立新的 NewsData 物件，item_id: 政經_20250505_1
2025-05-05 15:33:09,994 - INFO - 建立新的 NewsData 物件，item_id: 政經_20250505_2
2025-05-05 15:33:10,156 - INFO - 建立新的 NewsData 物件，item_id: 政經_20250505_3
2025-05-05 15:33:10,216 - INFO - 建立新的 NewsData 物件，item_id: 政經_20250505_4
2025-05-05 15:33:10,267 - INFO - 建立新的 NewsData 物件，item_id: 政經_20250505_5
2025-05-05 15:33:10,339 - INFO - 建立新的 NewsData 物件，item_id: 政經_20250505_6
2025-05-05 15:33:10,403 - INFO - 建立新的 NewsData 物件，item_id: 政經_20250505_7
2025-05-05 15:33:10,461 - INFO - 建立新的 NewsData 物件，item_id: 政經_20250505_8
2025-05-05 15:33:10,518 - INFO - 建立新的 NewsData 物件，item_id: 政經_20250505_9
2025-05-05 15:33:10,573 - INFO - 建立新的 NewsData 物件，item_id: 全球_20250505_1
2025-05-05 15:33:10,650 - INFO - 建立新的 NewsData 物件，item_id: 全球_20250505_2
2025-05-05 15:33:10,718 - INFO - 建立新的 NewsData 物件，item_id: 全球_20250505_3
2025-05-05 15:33:10,795 - INFO - 建立新的 NewsData 物件，item_id: 全球_20250505_4
2025-05-05 15:33:10,860 - INFO - 建立新的 NewsData 物件，item_id: 全球_20250505_5
2025-05-05 15:33:10,917 - INFO - 建立新的 NewsData 物件，item_id: 全球_20250505_6
2025-05-05 15:33:10,973 - INFO - 建立新的 NewsData 物件，item_id: 全球_20250505_7
2025-05-05 15:33:11,027 - INFO - 建立新的 NewsData 物件，item_id: 全球_20250505_8
2025-05-05 15:33:11,075 - INFO - 建立新的 NewsData 物件，item_id: 全球_20250505_9
2025-05-05 15:33:11,150 - INFO - 建立新的 NewsData 物件，item_id: 政治_20250505_10
2025-05-05 15:33:11,251 - INFO - 建立新的 NewsData 物件，item_id: 政治_20250505_11
2025-05-05 15:33:11,350 - INFO - 建立新的 NewsData 物件，item_id: 政治_20250505_12
2025-05-05 15:33:11,428 - INFO - 建立新的 NewsData 物件，item_id: 政治_20250505_13
2025-05-05 15:33:11,516 - INFO - 建立新的 NewsData 物件，item_id: 政治_20250505_14
2025-05-05 15:33:11,585 - INFO - 建立新的 NewsData 物件，item_id: 政治_20250505_15
2025-05-05 15:33:11,639 - INFO - 建立新的 NewsData 物件，item_id: 政治_20250505_16
2025-05-05 15:33:11,689 - INFO - 建立新的 NewsData 物件，item_id: 政治_20250505_17
2025-05-05 15:33:11,761 - INFO - 建立新的 NewsData 物件，item_id: 政治_20250505_18
2025-05-05 15:33:11,824 - INFO - 建立新的 NewsData 物件，item_id: 政經_20250505_10
2025-05-05 15:33:11,883 - INFO - 建立新的 NewsData 物件，item_id: 政經_20250505_11
2025-05-05 15:33:11,950 - INFO - 建立新的 NewsData 物件，item_id: 政經_20250505_12
2025-05-05 15:33:12,016 - INFO - 建立新的 NewsData 物件，item_id: 政經_20250505_13
2025-05-05 15:33:12,083 - INFO - 建立新的 NewsData 物件，item_id: 政經_20250505_14
2025-05-05 15:33:12,150 - INFO - 建立新的 NewsData 物件，item_id: 政經_20250505_15
2025-05-05 15:33:12,213 - INFO - 建立新的 NewsData 物件，item_id: 政經_20250505_16
2025-05-05 15:33:12,283 - INFO - 建立新的 NewsData 物件，item_id: 政經_20250505_17
2025-05-05 15:33:12,348 - INFO - 建立新的 NewsData 物件，item_id: 政經_20250505_18
2025-05-05 15:33:12,406 - INFO - 建立新的 NewsData 物件，item_id: 全球_20250505_10
2025-05-05 15:33:12,465 - INFO - 建立新的 NewsData 物件，item_id: 全球_20250505_11
2025-05-05 15:33:12,550 - INFO - 建立新的 NewsData 物件，item_id: 全球_20250505_12
2025-05-05 15:33:12,640 - INFO - 建立新的 NewsData 物件，item_id: 全球_20250505_13
2025-05-05 15:33:12,828 - INFO - 建立新的 NewsData 物件，item_id: 全球_20250505_14
2025-05-05 15:33:12,892 - INFO - 建立新的 NewsData 物件，item_id: 全球_20250505_15
2025-05-05 15:33:12,951 - INFO - 建立新的 NewsData 物件，item_id: 全球_20250505_16
2025-05-05 15:33:13,006 - INFO - 建立新的 NewsData 物件，item_id: 全球_20250505_17
2025-05-05 15:33:13,061 - INFO - 建立新的 NewsData 物件，item_id: 全球_20250505_18
2025-05-05 15:33:13,122 - INFO - 建立新的 NewsData 物件，item_id: 政治_20250505_19
2025-05-05 15:33:13,195 - INFO - 建立新的 NewsData 物件，item_id: 政治_20250505_20
2025-05-05 15:33:13,294 - INFO - 建立新的 NewsData 物件，item_id: 政治_20250505_21
2025-05-05 15:33:13,383 - INFO - 建立新的 NewsData 物件，item_id: 政治_20250505_22
2025-05-05 15:33:13,562 - INFO - 建立新的 NewsData 物件，item_id: 政治_20250505_23
2025-05-05 15:33:13,628 - INFO - 建立新的 NewsData 物件，item_id: 政治_20250505_24
2025-05-05 15:33:13,686 - INFO - 建立新的 NewsData 物件，item_id: 政治_20250505_25
2025-05-05 15:33:13,751 - INFO - 建立新的 NewsData 物件，item_id: 政治_20250505_26
2025-05-05 15:33:13,811 - INFO - 建立新的 NewsData 物件，item_id: 政治_20250505_27
2025-05-05 15:33:13,884 - INFO - 建立新的 NewsData 物件，item_id: 政經_20250505_19
2025-05-05 15:33:13,984 - INFO - 建立新的 NewsData 物件，item_id: 政經_20250505_20
2025-05-05 15:33:14,061 - INFO - 建立新的 NewsData 物件，item_id: 政經_20250505_21
2025-05-05 15:33:14,140 - INFO - 建立新的 NewsData 物件，item_id: 政經_20250505_22
2025-05-05 15:33:14,205 - INFO - 建立新的 NewsData 物件，item_id: 政經_20250505_23
2025-05-05 15:33:14,253 - INFO - 建立新的 NewsData 物件，item_id: 政經_20250505_24
2025-05-05 15:33:14,316 - INFO - 建立新的 NewsData 物件，item_id: 政經_20250505_25
2025-05-05 15:33:14,381 - INFO - 建立新的 NewsData 物件，item_id: 政經_20250505_26
2025-05-05 15:33:14,449 - INFO - 建立新的 NewsData 物件，item_id: 政經_20250505_27
2025-05-05 15:33:14,517 - INFO - 建立新的 NewsData 物件，item_id: 全球_20250505_19
2025-05-05 15:33:14,582 - INFO - 建立新的 NewsData 物件，item_id: 全球_20250505_20
2025-05-05 15:33:14,661 - INFO - 建立新的 NewsData 物件，item_id: 全球_20250505_21
2025-05-05 15:33:14,727 - INFO - 建立新的 NewsData 物件，item_id: 全球_20250505_22
2025-05-05 15:33:14,788 - INFO - 建立新的 NewsData 物件，item_id: 全球_20250505_23
2025-05-05 15:33:14,850 - INFO - 建立新的 NewsData 物件，item_id: 全球_20250505_24
2025-05-05 15:33:14,914 - INFO - 建立新的 NewsData 物件，item_id: 全球_20250505_25
2025-05-05 15:33:14,983 - INFO - 建立新的 NewsData 物件，item_id: 全球_20250505_26
2025-05-05 15:33:15,038 - INFO - 建立新的 NewsData 物件，item_id: 全球_20250505_27
2025-05-05 15:33:15,094 - INFO - 建立新的 NewsData 物件，item_id: 政治_20250505_28
2025-05-05 15:33:15,150 - INFO - 建立新的 NewsData 物件，item_id: 政治_20250505_29
2025-05-05 15:33:15,216 - INFO - 建立新的 NewsData 物件，item_id: 政治_20250505_30
2025-05-05 15:33:15,284 - INFO - 建立新的 NewsData 物件，item_id: 政治_20250505_31
2025-05-05 15:33:15,360 - INFO - 建立新的 NewsData 物件，item_id: 政治_20250505_32
2025-05-05 15:33:15,412 - INFO - 建立新的 NewsData 物件，item_id: 政治_20250505_33
2025-05-05 15:33:15,484 - INFO - 建立新的 NewsData 物件，item_id: 政治_20250505_34
2025-05-05 15:33:15,548 - INFO - 建立新的 NewsData 物件，item_id: 全球_20250505_28
2025-05-05 15:33:15,606 - INFO - 建立新的 NewsData 物件，item_id: 全球_20250505_29
2025-05-05 15:33:15,661 - INFO - 建立新的 NewsData 物件，item_id: 全球_20250505_30
2025-05-05 15:33:15,716 - INFO - 建立新的 NewsData 物件，item_id: 全球_20250505_31
2025-05-05 15:33:15,774 - INFO - 建立新的 NewsData 物件，item_id: 全球_20250505_32
2025-05-05 15:33:15,838 - INFO - 建立新的 NewsData 物件，item_id: 全球_20250505_33
2025-05-05 15:33:15,906 - INFO - 建立新的 NewsData 物件，item_id: 全球_20250505_34
2025-05-05 15:33:16,072 - INFO - 建立新的 NewsData 物件，item_id: 全球_20250505_35
2025-05-05 15:33:16,133 - INFO - 建立新的 NewsData 物件，item_id: 全球_20250505_36
2025-05-05 15:33:16,133 - INFO - 匯入完成，成功: 97，失敗: 0
